
--- demo dashboard started 2026-05-04T14:36:39
CDC_WAIT_SHARED_CONNECTION: listen calls hold this DuckDB connection for up to 200ms. Calling it from a connection that also serves other queries (a pool handle, a shared notebook session, an HTTP request handler) can starve them. Hold a dedicated connection for listen calls. SQL-CLI users must do this themselves. See docs/api.md.
CDC_SCHEMA_BOUNDARY: DDL consumer 'demo__ddl' window [1, 5] includes schema-change snapshot 1 (schema_version 1). Apply DDL events from this window before applying DML from the same snapshot range per the DDL-before-DML ordering contract (ADR 0008).
consumer 'demo__table_id_4__consumer_01' failed
Traceback (most recent call last):
  File "/Users/ekku/Code/ducklake-cdc-extension/clients/python/src/ducklake/result.py", line 120, in _execute
    return self._connection.execute(self._query)
           ~~~~~~~~~~~~~~~~~~~~~~~~^^^^^^^^^^^^^
_duckdb.Error: TransactionContext Error: Failed to commit: Failed to execute query "COMMIT": server closed the connection unexpectedly
	This probably means the server terminated abnormally
	before or while processing the request.


The above exception was the direct cause of the following exception:

Traceback (most recent call last):
  File "/Users/ekku/Code/ducklake-cdc-extension/clients/python/src/ducklake_cdc/app.py", line 436, in _run_loop
    self._delivered = self.consumer.run(
                      ~~~~~~~~~~~~~~~~~^
        infinite=infinite,
        ^^^^^^^^^^^^^^^^^^
    ...<2 lines>...
        stop_event=self.stop_event,
        ^^^^^^^^^^^^^^^^^^^^^^^^^^^
    )
    ^
  File "/Users/ekku/Code/ducklake-cdc-extension/clients/python/src/ducklake_cdc/consumer.py", line 243, in run
    rows = self._retry(self._listen_op(timeout_ms, listen_max_snapshots))
  File "/Users/ekku/Code/ducklake-cdc-extension/clients/python/src/ducklake_cdc/consumer.py", line 420, in _retry
    return self._retry_policy(operation)  # type: ignore[return-value]
           ~~~~~~~~~~~~~~~~~~^^^^^^^^^^^
  File "/Users/ekku/Code/ducklake-cdc-extension/clients/python/demo/common.py", line 163, in retry_on_lock
    return operation()
  File "/Users/ekku/Code/ducklake-cdc-extension/clients/python/demo/consumer.py", line 170, in timed_operation
    rows = operation()
  File "/Users/ekku/Code/ducklake-cdc-extension/clients/python/src/ducklake_cdc/consumer.py", line 539, in operation
    return client.cdc_dml_changes_listen(
           ~~~~~~~~~~~~~~~~~~~~~~~~~~~~~^
        name,
        ^^^^^
        timeout_ms=timeout_ms,
        ^^^^^^^^^^^^^^^^^^^^^^
        max_snapshots=max_snapshots,
        ^^^^^^^^^^^^^^^^^^^^^^^^^^^^
    )
    ^
  File "/Users/ekku/Code/ducklake-cdc-extension/clients/python/src/ducklake_cdc/lowlevel.py", line 327, in cdc_dml_changes_listen
    ).list()
      ~~~~^^
  File "/Users/ekku/Code/ducklake-cdc-extension/clients/python/src/ducklake/result.py", line 43, in list
    cursor = self._execute()
  File "/Users/ekku/Code/ducklake-cdc-extension/clients/python/src/ducklake/result.py", line 123, in _execute
    raise DuckLakeQueryError("DuckLake query failed") from exc
ducklake.exceptions.DuckLakeQueryError: DuckLake query failed
consumer 'demo__table_id_3__consumer_02' failed
Traceback (most recent call last):
  File "/Users/ekku/Code/ducklake-cdc-extension/clients/python/src/ducklake/result.py", line 120, in _execute
    return self._connection.execute(self._query)
           ~~~~~~~~~~~~~~~~~~~~~~~~^^^^^^^^^^^^^
_duckdb.Error: Invalid Error: Failed to get table deletion file list from DuckLake: Failed to prepare COPY "COPY (SELECT "table_id", "end_snapshot", "data_file_id", "path", "path_is_relative", "record_count", "file_size_bytes", "footer_size", "row_id_start", "mapping_id" FROM "public"."ducklake_data_file" WHERE "table_id" = '3' AND ("end_snapshot" >= '31' AND "end_snapshot" <= '31')) TO STDOUT (FORMAT "binary");": server closed the connection unexpectedly
	This probably means the server terminated abnormally
	before or while processing the request.


The above exception was the direct cause of the following exception:

Traceback (most recent call last):
  File "/Users/ekku/Code/ducklake-cdc-extension/clients/python/src/ducklake_cdc/app.py", line 436, in _run_loop
    self._delivered = self.consumer.run(
                      ~~~~~~~~~~~~~~~~~^
        infinite=infinite,
        ^^^^^^^^^^^^^^^^^^
    ...<2 lines>...
        stop_event=self.stop_event,
        ^^^^^^^^^^^^^^^^^^^^^^^^^^^
    )
    ^
  File "/Users/ekku/Code/ducklake-cdc-extension/clients/python/src/ducklake_cdc/consumer.py", line 243, in run
    rows = self._retry(self._listen_op(timeout_ms, listen_max_snapshots))
  File "/Users/ekku/Code/ducklake-cdc-extension/clients/python/src/ducklake_cdc/consumer.py", line 420, in _retry
    return self._retry_policy(operation)  # type: ignore[return-value]
           ~~~~~~~~~~~~~~~~~~^^^^^^^^^^^
  File "/Users/ekku/Code/ducklake-cdc-extension/clients/python/demo/common.py", line 163, in retry_on_lock
    return operation()
  File "/Users/ekku/Code/ducklake-cdc-extension/clients/python/demo/consumer.py", line 170, in timed_operation
    rows = operation()
  File "/Users/ekku/Code/ducklake-cdc-extension/clients/python/src/ducklake_cdc/consumer.py", line 539, in operation
    return client.cdc_dml_changes_listen(
           ~~~~~~~~~~~~~~~~~~~~~~~~~~~~~^
        name,
        ^^^^^
        timeout_ms=timeout_ms,
        ^^^^^^^^^^^^^^^^^^^^^^
        max_snapshots=max_snapshots,
        ^^^^^^^^^^^^^^^^^^^^^^^^^^^^
    )
    ^
  File "/Users/ekku/Code/ducklake-cdc-extension/clients/python/src/ducklake_cdc/lowlevel.py", line 327, in cdc_dml_changes_listen
    ).list()
      ~~~~^^
  File "/Users/ekku/Code/ducklake-cdc-extension/clients/python/src/ducklake/result.py", line 43, in list
    cursor = self._execute()
  File "/Users/ekku/Code/ducklake-cdc-extension/clients/python/src/ducklake/result.py", line 123, in _execute
    raise DuckLakeQueryError("DuckLake query failed") from exc
ducklake.exceptions.DuckLakeQueryError: DuckLake query failed
consumer 'demo__ddl' failed
Traceback (most recent call last):
  File "/Users/ekku/Code/ducklake-cdc-extension/clients/python/src/ducklake/result.py", line 120, in _execute
    return self._connection.execute(self._query)
           ~~~~~~~~~~~~~~~~~~~~~~~~^^^^^^^^^^^^^
_duckdb.Error: Invalid Error: Failed to execute query "BEGIN TRANSACTION ISOLATION LEVEL REPEATABLE READ": server closed the connection unexpectedly
	This probably means the server terminated abnormally
	before or while processing the request.


The above exception was the direct cause of the following exception:

Traceback (most recent call last):
  File "/Users/ekku/Code/ducklake-cdc-extension/clients/python/src/ducklake_cdc/app.py", line 436, in _run_loop
    self._delivered = self.consumer.run(
                      ~~~~~~~~~~~~~~~~~^
        infinite=infinite,
        ^^^^^^^^^^^^^^^^^^
    ...<2 lines>...
        stop_event=self.stop_event,
        ^^^^^^^^^^^^^^^^^^^^^^^^^^^
    )
    ^
  File "/Users/ekku/Code/ducklake-cdc-extension/clients/python/src/ducklake_cdc/consumer.py", line 243, in run
    rows = self._retry(self._listen_op(timeout_ms, listen_max_snapshots))
  File "/Users/ekku/Code/ducklake-cdc-extension/clients/python/src/ducklake_cdc/consumer.py", line 420, in _retry
    return self._retry_policy(operation)  # type: ignore[return-value]
           ~~~~~~~~~~~~~~~~~~^^^^^^^^^^^
  File "/Users/ekku/Code/ducklake-cdc-extension/clients/python/demo/common.py", line 163, in retry_on_lock
    return operation()
  File "/Users/ekku/Code/ducklake-cdc-extension/clients/python/src/ducklake_cdc/consumer.py", line 641, in operation
    return client.cdc_ddl_changes_listen(
           ~~~~~~~~~~~~~~~~~~~~~~~~~~~~~^
        name,
        ^^^^^
        timeout_ms=timeout_ms,
        ^^^^^^^^^^^^^^^^^^^^^^
        max_snapshots=max_snapshots,
        ^^^^^^^^^^^^^^^^^^^^^^^^^^^^
    )
    ^
  File "/Users/ekku/Code/ducklake-cdc-extension/clients/python/src/ducklake_cdc/lowlevel.py", line 404, in cdc_ddl_changes_listen
    ).list()
      ~~~~^^
  File "/Users/ekku/Code/ducklake-cdc-extension/clients/python/src/ducklake/result.py", line 43, in list
    cursor = self._execute()
  File "/Users/ekku/Code/ducklake-cdc-extension/clients/python/src/ducklake/result.py", line 123, in _execute
    raise DuckLakeQueryError("DuckLake query failed") from exc
ducklake.exceptions.DuckLakeQueryError: DuckLake query failed
consumer 'demo__table_id_4__consumer_02' failed
Traceback (most recent call last):
  File "/Users/ekku/Code/ducklake-cdc-extension/clients/python/src/ducklake/result.py", line 120, in _execute
    return self._connection.execute(self._query)
           ~~~~~~~~~~~~~~~~~~~~~~~~^^^^^^^^^^^^^
_duckdb.Error: Invalid Error: Failed to execute query "BEGIN TRANSACTION ISOLATION LEVEL REPEATABLE READ": server closed the connection unexpectedly
	This probably means the server terminated abnormally
	before or while processing the request.


The above exception was the direct cause of the following exception:

Traceback (most recent call last):
  File "/Users/ekku/Code/ducklake-cdc-extension/clients/python/src/ducklake_cdc/app.py", line 436, in _run_loop
    self._delivered = self.consumer.run(
                      ~~~~~~~~~~~~~~~~~^
        infinite=infinite,
        ^^^^^^^^^^^^^^^^^^
    ...<2 lines>...
        stop_event=self.stop_event,
        ^^^^^^^^^^^^^^^^^^^^^^^^^^^
    )
    ^
  File "/Users/ekku/Code/ducklake-cdc-extension/clients/python/src/ducklake_cdc/consumer.py", line 243, in run
    rows = self._retry(self._listen_op(timeout_ms, listen_max_snapshots))
  File "/Users/ekku/Code/ducklake-cdc-extension/clients/python/src/ducklake_cdc/consumer.py", line 420, in _retry
    return self._retry_policy(operation)  # type: ignore[return-value]
           ~~~~~~~~~~~~~~~~~~^^^^^^^^^^^
  File "/Users/ekku/Code/ducklake-cdc-extension/clients/python/demo/common.py", line 163, in retry_on_lock
    return operation()
  File "/Users/ekku/Code/ducklake-cdc-extension/clients/python/demo/consumer.py", line 170, in timed_operation
    rows = operation()
  File "/Users/ekku/Code/ducklake-cdc-extension/clients/python/src/ducklake_cdc/consumer.py", line 539, in operation
    return client.cdc_dml_changes_listen(
           ~~~~~~~~~~~~~~~~~~~~~~~~~~~~~^
        name,
        ^^^^^
        timeout_ms=timeout_ms,
        ^^^^^^^^^^^^^^^^^^^^^^
        max_snapshots=max_snapshots,
        ^^^^^^^^^^^^^^^^^^^^^^^^^^^^
    )
    ^
  File "/Users/ekku/Code/ducklake-cdc-extension/clients/python/src/ducklake_cdc/lowlevel.py", line 327, in cdc_dml_changes_listen
    ).list()
      ~~~~^^
  File "/Users/ekku/Code/ducklake-cdc-extension/clients/python/src/ducklake/result.py", line 43, in list
    cursor = self._execute()
  File "/Users/ekku/Code/ducklake-cdc-extension/clients/python/src/ducklake/result.py", line 123, in _execute
    raise DuckLakeQueryError("DuckLake query failed") from exc
ducklake.exceptions.DuckLakeQueryError: DuckLake query failed
consumer 'demo__table_id_2__consumer_02' failed
Traceback (most recent call last):
  File "/Users/ekku/Code/ducklake-cdc-extension/clients/python/src/ducklake/result.py", line 120, in _execute
    return self._connection.execute(self._query)
           ~~~~~~~~~~~~~~~~~~~~~~~~^^^^^^^^^^^^^
_duckdb.Error: Invalid Error: Failed to execute query "BEGIN TRANSACTION ISOLATION LEVEL REPEATABLE READ": server closed the connection unexpectedly
	This probably means the server terminated abnormally
	before or while processing the request.


The above exception was the direct cause of the following exception:

Traceback (most recent call last):
  File "/Users/ekku/Code/ducklake-cdc-extension/clients/python/src/ducklake_cdc/app.py", line 436, in _run_loop
    self._delivered = self.consumer.run(
                      ~~~~~~~~~~~~~~~~~^
        infinite=infinite,
        ^^^^^^^^^^^^^^^^^^
    ...<2 lines>...
        stop_event=self.stop_event,
        ^^^^^^^^^^^^^^^^^^^^^^^^^^^
    )
    ^
  File "/Users/ekku/Code/ducklake-cdc-extension/clients/python/src/ducklake_cdc/consumer.py", line 243, in run
    rows = self._retry(self._listen_op(timeout_ms, listen_max_snapshots))
  File "/Users/ekku/Code/ducklake-cdc-extension/clients/python/src/ducklake_cdc/consumer.py", line 420, in _retry
    return self._retry_policy(operation)  # type: ignore[return-value]
           ~~~~~~~~~~~~~~~~~~^^^^^^^^^^^
  File "/Users/ekku/Code/ducklake-cdc-extension/clients/python/demo/common.py", line 163, in retry_on_lock
    return operation()
  File "/Users/ekku/Code/ducklake-cdc-extension/clients/python/demo/consumer.py", line 170, in timed_operation
    rows = operation()
  File "/Users/ekku/Code/ducklake-cdc-extension/clients/python/src/ducklake_cdc/consumer.py", line 539, in operation
    return client.cdc_dml_changes_listen(
           ~~~~~~~~~~~~~~~~~~~~~~~~~~~~~^
        name,
        ^^^^^
        timeout_ms=timeout_ms,
        ^^^^^^^^^^^^^^^^^^^^^^
        max_snapshots=max_snapshots,
        ^^^^^^^^^^^^^^^^^^^^^^^^^^^^
    )
    ^
  File "/Users/ekku/Code/ducklake-cdc-extension/clients/python/src/ducklake_cdc/lowlevel.py", line 327, in cdc_dml_changes_listen
    ).list()
      ~~~~^^
  File "/Users/ekku/Code/ducklake-cdc-extension/clients/python/src/ducklake/result.py", line 43, in list
    cursor = self._execute()
  File "/Users/ekku/Code/ducklake-cdc-extension/clients/python/src/ducklake/result.py", line 123, in _execute
    raise DuckLakeQueryError("DuckLake query failed") from exc
ducklake.exceptions.DuckLakeQueryError: DuckLake query failed
consumer 'demo__table_id_2__consumer_01' failed
Traceback (most recent call last):
  File "/Users/ekku/Code/ducklake-cdc-extension/clients/python/src/ducklake/result.py", line 120, in _execute
    return self._connection.execute(self._query)
           ~~~~~~~~~~~~~~~~~~~~~~~~^^^^^^^^^^^^^
_duckdb.Error: Invalid Error: Failed to execute query "BEGIN TRANSACTION ISOLATION LEVEL REPEATABLE READ": server closed the connection unexpectedly
	This probably means the server terminated abnormally
	before or while processing the request.


The above exception was the direct cause of the following exception:

Traceback (most recent call last):
  File "/Users/ekku/Code/ducklake-cdc-extension/clients/python/src/ducklake_cdc/app.py", line 436, in _run_loop
    self._delivered = self.consumer.run(
                      ~~~~~~~~~~~~~~~~~^
        infinite=infinite,
        ^^^^^^^^^^^^^^^^^^
    ...<2 lines>...
        stop_event=self.stop_event,
        ^^^^^^^^^^^^^^^^^^^^^^^^^^^
    )
    ^
  File "/Users/ekku/Code/ducklake-cdc-extension/clients/python/src/ducklake_cdc/consumer.py", line 243, in run
    rows = self._retry(self._listen_op(timeout_ms, listen_max_snapshots))
  File "/Users/ekku/Code/ducklake-cdc-extension/clients/python/src/ducklake_cdc/consumer.py", line 420, in _retry
    return self._retry_policy(operation)  # type: ignore[return-value]
           ~~~~~~~~~~~~~~~~~~^^^^^^^^^^^
  File "/Users/ekku/Code/ducklake-cdc-extension/clients/python/demo/common.py", line 163, in retry_on_lock
    return operation()
  File "/Users/ekku/Code/ducklake-cdc-extension/clients/python/demo/consumer.py", line 170, in timed_operation
    rows = operation()
  File "/Users/ekku/Code/ducklake-cdc-extension/clients/python/src/ducklake_cdc/consumer.py", line 539, in operation
    return client.cdc_dml_changes_listen(
           ~~~~~~~~~~~~~~~~~~~~~~~~~~~~~^
        name,
        ^^^^^
        timeout_ms=timeout_ms,
        ^^^^^^^^^^^^^^^^^^^^^^
        max_snapshots=max_snapshots,
        ^^^^^^^^^^^^^^^^^^^^^^^^^^^^
    )
    ^
  File "/Users/ekku/Code/ducklake-cdc-extension/clients/python/src/ducklake_cdc/lowlevel.py", line 327, in cdc_dml_changes_listen
    ).list()
      ~~~~^^
  File "/Users/ekku/Code/ducklake-cdc-extension/clients/python/src/ducklake/result.py", line 43, in list
    cursor = self._execute()
  File "/Users/ekku/Code/ducklake-cdc-extension/clients/python/src/ducklake/result.py", line 123, in _execute
    raise DuckLakeQueryError("DuckLake query failed") from exc
ducklake.exceptions.DuckLakeQueryError: DuckLake query failed
consumer 'demo__table_id_3__consumer_01' failed
Traceback (most recent call last):
  File "/Users/ekku/Code/ducklake-cdc-extension/clients/python/src/ducklake/result.py", line 120, in _execute
    return self._connection.execute(self._query)
           ~~~~~~~~~~~~~~~~~~~~~~~~^^^^^^^^^^^^^
_duckdb.Error: Invalid Error: Failed to query snapshot at version 31 for DuckLake: Failed to execute query "BEGIN TRANSACTION ISOLATION LEVEL REPEATABLE READ": server closed the connection unexpectedly
	This probably means the server terminated abnormally
	before or while processing the request.


LINE 1: WITH tc AS MATERIALIZED (SELECT * FROM ducklake_table_changes('lake', 'demo_schema_01', 'events_02...
                                               ^

The above exception was the direct cause of the following exception:

Traceback (most recent call last):
  File "/Users/ekku/Code/ducklake-cdc-extension/clients/python/src/ducklake_cdc/app.py", line 436, in _run_loop
    self._delivered = self.consumer.run(
                      ~~~~~~~~~~~~~~~~~^
        infinite=infinite,
        ^^^^^^^^^^^^^^^^^^
    ...<2 lines>...
        stop_event=self.stop_event,
        ^^^^^^^^^^^^^^^^^^^^^^^^^^^
    )
    ^
  File "/Users/ekku/Code/ducklake-cdc-extension/clients/python/src/ducklake_cdc/consumer.py", line 243, in run
    rows = self._retry(self._listen_op(timeout_ms, listen_max_snapshots))
  File "/Users/ekku/Code/ducklake-cdc-extension/clients/python/src/ducklake_cdc/consumer.py", line 420, in _retry
    return self._retry_policy(operation)  # type: ignore[return-value]
           ~~~~~~~~~~~~~~~~~~^^^^^^^^^^^
  File "/Users/ekku/Code/ducklake-cdc-extension/clients/python/demo/common.py", line 163, in retry_on_lock
    return operation()
  File "/Users/ekku/Code/ducklake-cdc-extension/clients/python/demo/consumer.py", line 170, in timed_operation
    rows = operation()
  File "/Users/ekku/Code/ducklake-cdc-extension/clients/python/src/ducklake_cdc/consumer.py", line 539, in operation
    return client.cdc_dml_changes_listen(
           ~~~~~~~~~~~~~~~~~~~~~~~~~~~~~^
        name,
        ^^^^^
        timeout_ms=timeout_ms,
        ^^^^^^^^^^^^^^^^^^^^^^
        max_snapshots=max_snapshots,
        ^^^^^^^^^^^^^^^^^^^^^^^^^^^^
    )
    ^
  File "/Users/ekku/Code/ducklake-cdc-extension/clients/python/src/ducklake_cdc/lowlevel.py", line 327, in cdc_dml_changes_listen
    ).list()
      ~~~~^^
  File "/Users/ekku/Code/ducklake-cdc-extension/clients/python/src/ducklake/result.py", line 43, in list
    cursor = self._execute()
  File "/Users/ekku/Code/ducklake-cdc-extension/clients/python/src/ducklake/result.py", line 123, in _execute
    raise DuckLakeQueryError("DuckLake query failed") from exc
ducklake.exceptions.DuckLakeQueryError: DuckLake query failed

--- demo dashboard started 2026-05-04T14:37:26
CDC_WAIT_SHARED_CONNECTION: listen calls hold this DuckDB connection for up to 200ms. Calling it from a connection that also serves other queries (a pool handle, a shared notebook session, an HTTP request handler) can starve them. Hold a dedicated connection for listen calls. SQL-CLI users must do this themselves. See docs/api.md.
CDC_SCHEMA_BOUNDARY: DDL consumer 'demo__ddl' window [1, 4] includes schema-change snapshot 1 (schema_version 1). Apply DDL events from this window before applying DML from the same snapshot range per the DDL-before-DML ordering contract (ADR 0008).
consumer 'demo__table_id_4__consumer_01' failed
Traceback (most recent call last):
  File "/Users/ekku/Code/ducklake-cdc-extension/clients/python/src/ducklake/result.py", line 120, in _execute
    return self._connection.execute(self._query)
           ~~~~~~~~~~~~~~~~~~~~~~~~^^^^^^^^^^^^^
_duckdb.Error: Invalid Error: Failed to execute query "BEGIN TRANSACTION ISOLATION LEVEL REPEATABLE READ": server closed the connection unexpectedly
	This probably means the server terminated abnormally
	before or while processing the request.


The above exception was the direct cause of the following exception:

Traceback (most recent call last):
  File "/Users/ekku/Code/ducklake-cdc-extension/clients/python/src/ducklake_cdc/app.py", line 436, in _run_loop
    self._delivered = self.consumer.run(
                      ~~~~~~~~~~~~~~~~~^
        infinite=infinite,
        ^^^^^^^^^^^^^^^^^^
    ...<2 lines>...
        stop_event=self.stop_event,
        ^^^^^^^^^^^^^^^^^^^^^^^^^^^
    )
    ^
  File "/Users/ekku/Code/ducklake-cdc-extension/clients/python/src/ducklake_cdc/consumer.py", line 243, in run
    rows = self._retry(self._listen_op(timeout_ms, listen_max_snapshots))
  File "/Users/ekku/Code/ducklake-cdc-extension/clients/python/src/ducklake_cdc/consumer.py", line 420, in _retry
    return self._retry_policy(operation)  # type: ignore[return-value]
           ~~~~~~~~~~~~~~~~~~^^^^^^^^^^^
  File "/Users/ekku/Code/ducklake-cdc-extension/clients/python/demo/common.py", line 163, in retry_on_lock
    return operation()
  File "/Users/ekku/Code/ducklake-cdc-extension/clients/python/demo/consumer.py", line 170, in timed_operation
    rows = operation()
  File "/Users/ekku/Code/ducklake-cdc-extension/clients/python/src/ducklake_cdc/consumer.py", line 539, in operation
    return client.cdc_dml_changes_listen(
           ~~~~~~~~~~~~~~~~~~~~~~~~~~~~~^
        name,
        ^^^^^
        timeout_ms=timeout_ms,
        ^^^^^^^^^^^^^^^^^^^^^^
        max_snapshots=max_snapshots,
        ^^^^^^^^^^^^^^^^^^^^^^^^^^^^
    )
    ^
  File "/Users/ekku/Code/ducklake-cdc-extension/clients/python/src/ducklake_cdc/lowlevel.py", line 327, in cdc_dml_changes_listen
    ).list()
      ~~~~^^
  File "/Users/ekku/Code/ducklake-cdc-extension/clients/python/src/ducklake/result.py", line 43, in list
    cursor = self._execute()
  File "/Users/ekku/Code/ducklake-cdc-extension/clients/python/src/ducklake/result.py", line 123, in _execute
    raise DuckLakeQueryError("DuckLake query failed") from exc
ducklake.exceptions.DuckLakeQueryError: DuckLake query failed
consumer 'demo__table_id_3__consumer_02' failed
Traceback (most recent call last):
  File "/Users/ekku/Code/ducklake-cdc-extension/clients/python/src/ducklake/result.py", line 120, in _execute
    return self._connection.execute(self._query)
           ~~~~~~~~~~~~~~~~~~~~~~~~^^^^^^^^^^^^^
_duckdb.Error: IO Error: Unable to connect to Postgres at "postgresql://ducklake:ducklake@localhost:5435/ducklake": connection to server at "localhost" (127.0.0.1), port 5435 failed: server closed the connection unexpectedly
	This probably means the server terminated abnormally
	before or while processing the request.


The above exception was the direct cause of the following exception:

Traceback (most recent call last):
  File "/Users/ekku/Code/ducklake-cdc-extension/clients/python/src/ducklake_cdc/app.py", line 436, in _run_loop
    self._delivered = self.consumer.run(
                      ~~~~~~~~~~~~~~~~~^
        infinite=infinite,
        ^^^^^^^^^^^^^^^^^^
    ...<2 lines>...
        stop_event=self.stop_event,
        ^^^^^^^^^^^^^^^^^^^^^^^^^^^
    )
    ^
  File "/Users/ekku/Code/ducklake-cdc-extension/clients/python/src/ducklake_cdc/consumer.py", line 243, in run
    rows = self._retry(self._listen_op(timeout_ms, listen_max_snapshots))
  File "/Users/ekku/Code/ducklake-cdc-extension/clients/python/src/ducklake_cdc/consumer.py", line 420, in _retry
    return self._retry_policy(operation)  # type: ignore[return-value]
           ~~~~~~~~~~~~~~~~~~^^^^^^^^^^^
  File "/Users/ekku/Code/ducklake-cdc-extension/clients/python/demo/common.py", line 163, in retry_on_lock
    return operation()
  File "/Users/ekku/Code/ducklake-cdc-extension/clients/python/demo/consumer.py", line 170, in timed_operation
    rows = operation()
  File "/Users/ekku/Code/ducklake-cdc-extension/clients/python/src/ducklake_cdc/consumer.py", line 539, in operation
    return client.cdc_dml_changes_listen(
           ~~~~~~~~~~~~~~~~~~~~~~~~~~~~~^
        name,
        ^^^^^
        timeout_ms=timeout_ms,
        ^^^^^^^^^^^^^^^^^^^^^^
        max_snapshots=max_snapshots,
        ^^^^^^^^^^^^^^^^^^^^^^^^^^^^
    )
    ^
  File "/Users/ekku/Code/ducklake-cdc-extension/clients/python/src/ducklake_cdc/lowlevel.py", line 327, in cdc_dml_changes_listen
    ).list()
      ~~~~^^
  File "/Users/ekku/Code/ducklake-cdc-extension/clients/python/src/ducklake/result.py", line 43, in list
    cursor = self._execute()
  File "/Users/ekku/Code/ducklake-cdc-extension/clients/python/src/ducklake/result.py", line 123, in _execute
    raise DuckLakeQueryError("DuckLake query failed") from exc
ducklake.exceptions.DuckLakeQueryError: DuckLake query failed
consumer 'demo__table_id_2__consumer_02' failed
Traceback (most recent call last):
  File "/Users/ekku/Code/ducklake-cdc-extension/clients/python/src/ducklake/result.py", line 120, in _execute
    return self._connection.execute(self._query)
           ~~~~~~~~~~~~~~~~~~~~~~~~^^^^^^^^^^^^^
_duckdb.Error: IO Error: Unable to connect to Postgres at "postgresql://ducklake:ducklake@localhost:5435/ducklake": connection to server at "localhost" (127.0.0.1), port 5435 failed: server closed the connection unexpectedly
	This probably means the server terminated abnormally
	before or while processing the request.


The above exception was the direct cause of the following exception:

Traceback (most recent call last):
  File "/Users/ekku/Code/ducklake-cdc-extension/clients/python/src/ducklake_cdc/app.py", line 436, in _run_loop
    self._delivered = self.consumer.run(
                      ~~~~~~~~~~~~~~~~~^
        infinite=infinite,
        ^^^^^^^^^^^^^^^^^^
    ...<2 lines>...
        stop_event=self.stop_event,
        ^^^^^^^^^^^^^^^^^^^^^^^^^^^
    )
    ^
  File "/Users/ekku/Code/ducklake-cdc-extension/clients/python/src/ducklake_cdc/consumer.py", line 243, in run
    rows = self._retry(self._listen_op(timeout_ms, listen_max_snapshots))
  File "/Users/ekku/Code/ducklake-cdc-extension/clients/python/src/ducklake_cdc/consumer.py", line 420, in _retry
    return self._retry_policy(operation)  # type: ignore[return-value]
           ~~~~~~~~~~~~~~~~~~^^^^^^^^^^^
  File "/Users/ekku/Code/ducklake-cdc-extension/clients/python/demo/common.py", line 163, in retry_on_lock
    return operation()
  File "/Users/ekku/Code/ducklake-cdc-extension/clients/python/demo/consumer.py", line 170, in timed_operation
    rows = operation()
  File "/Users/ekku/Code/ducklake-cdc-extension/clients/python/src/ducklake_cdc/consumer.py", line 539, in operation
    return client.cdc_dml_changes_listen(
           ~~~~~~~~~~~~~~~~~~~~~~~~~~~~~^
        name,
        ^^^^^
        timeout_ms=timeout_ms,
        ^^^^^^^^^^^^^^^^^^^^^^
        max_snapshots=max_snapshots,
        ^^^^^^^^^^^^^^^^^^^^^^^^^^^^
    )
    ^
  File "/Users/ekku/Code/ducklake-cdc-extension/clients/python/src/ducklake_cdc/lowlevel.py", line 327, in cdc_dml_changes_listen
    ).list()
      ~~~~^^
  File "/Users/ekku/Code/ducklake-cdc-extension/clients/python/src/ducklake/result.py", line 43, in list
    cursor = self._execute()
  File "/Users/ekku/Code/ducklake-cdc-extension/clients/python/src/ducklake/result.py", line 123, in _execute
    raise DuckLakeQueryError("DuckLake query failed") from exc
ducklake.exceptions.DuckLakeQueryError: DuckLake query failed
consumer 'demo__table_id_2__consumer_01' failed
Traceback (most recent call last):
  File "/Users/ekku/Code/ducklake-cdc-extension/clients/python/src/ducklake/result.py", line 120, in _execute
    return self._connection.execute(self._query)
           ~~~~~~~~~~~~~~~~~~~~~~~~^^^^^^^^^^^^^
_duckdb.Error: IO Error: Unable to connect to Postgres at "postgresql://ducklake:ducklake@localhost:5435/ducklake": connection to server at "localhost" (127.0.0.1), port 5435 failed: server closed the connection unexpectedly
	This probably means the server terminated abnormally
	before or while processing the request.


The above exception was the direct cause of the following exception:

Traceback (most recent call last):
  File "/Users/ekku/Code/ducklake-cdc-extension/clients/python/src/ducklake_cdc/app.py", line 436, in _run_loop
    self._delivered = self.consumer.run(
                      ~~~~~~~~~~~~~~~~~^
        infinite=infinite,
        ^^^^^^^^^^^^^^^^^^
    ...<2 lines>...
        stop_event=self.stop_event,
        ^^^^^^^^^^^^^^^^^^^^^^^^^^^
    )
    ^
  File "/Users/ekku/Code/ducklake-cdc-extension/clients/python/src/ducklake_cdc/consumer.py", line 243, in run
    rows = self._retry(self._listen_op(timeout_ms, listen_max_snapshots))
  File "/Users/ekku/Code/ducklake-cdc-extension/clients/python/src/ducklake_cdc/consumer.py", line 420, in _retry
    return self._retry_policy(operation)  # type: ignore[return-value]
           ~~~~~~~~~~~~~~~~~~^^^^^^^^^^^
  File "/Users/ekku/Code/ducklake-cdc-extension/clients/python/demo/common.py", line 163, in retry_on_lock
    return operation()
  File "/Users/ekku/Code/ducklake-cdc-extension/clients/python/demo/consumer.py", line 170, in timed_operation
    rows = operation()
  File "/Users/ekku/Code/ducklake-cdc-extension/clients/python/src/ducklake_cdc/consumer.py", line 539, in operation
    return client.cdc_dml_changes_listen(
           ~~~~~~~~~~~~~~~~~~~~~~~~~~~~~^
        name,
        ^^^^^
        timeout_ms=timeout_ms,
        ^^^^^^^^^^^^^^^^^^^^^^
        max_snapshots=max_snapshots,
        ^^^^^^^^^^^^^^^^^^^^^^^^^^^^
    )
    ^
  File "/Users/ekku/Code/ducklake-cdc-extension/clients/python/src/ducklake_cdc/lowlevel.py", line 327, in cdc_dml_changes_listen
    ).list()
      ~~~~^^
  File "/Users/ekku/Code/ducklake-cdc-extension/clients/python/src/ducklake/result.py", line 43, in list
    cursor = self._execute()
  File "/Users/ekku/Code/ducklake-cdc-extension/clients/python/src/ducklake/result.py", line 123, in _execute
    raise DuckLakeQueryError("DuckLake query failed") from exc
ducklake.exceptions.DuckLakeQueryError: DuckLake query failed
consumer 'demo__table_id_3__consumer_01' failed
Traceback (most recent call last):
  File "/Users/ekku/Code/ducklake-cdc-extension/clients/python/src/ducklake/result.py", line 120, in _execute
    return self._connection.execute(self._query)
           ~~~~~~~~~~~~~~~~~~~~~~~~^^^^^^^^^^^^^
_duckdb.Error: IO Error: Unable to connect to Postgres at "postgresql://ducklake:ducklake@localhost:5435/ducklake": connection to server at "localhost" (127.0.0.1), port 5435 failed: server closed the connection unexpectedly
	This probably means the server terminated abnormally
	before or while processing the request.


The above exception was the direct cause of the following exception:

Traceback (most recent call last):
  File "/Users/ekku/Code/ducklake-cdc-extension/clients/python/src/ducklake_cdc/app.py", line 436, in _run_loop
    self._delivered = self.consumer.run(
                      ~~~~~~~~~~~~~~~~~^
        infinite=infinite,
        ^^^^^^^^^^^^^^^^^^
    ...<2 lines>...
        stop_event=self.stop_event,
        ^^^^^^^^^^^^^^^^^^^^^^^^^^^
    )
    ^
  File "/Users/ekku/Code/ducklake-cdc-extension/clients/python/src/ducklake_cdc/consumer.py", line 243, in run
    rows = self._retry(self._listen_op(timeout_ms, listen_max_snapshots))
  File "/Users/ekku/Code/ducklake-cdc-extension/clients/python/src/ducklake_cdc/consumer.py", line 420, in _retry
    return self._retry_policy(operation)  # type: ignore[return-value]
           ~~~~~~~~~~~~~~~~~~^^^^^^^^^^^
  File "/Users/ekku/Code/ducklake-cdc-extension/clients/python/demo/common.py", line 163, in retry_on_lock
    return operation()
  File "/Users/ekku/Code/ducklake-cdc-extension/clients/python/demo/consumer.py", line 170, in timed_operation
    rows = operation()
  File "/Users/ekku/Code/ducklake-cdc-extension/clients/python/src/ducklake_cdc/consumer.py", line 539, in operation
    return client.cdc_dml_changes_listen(
           ~~~~~~~~~~~~~~~~~~~~~~~~~~~~~^
        name,
        ^^^^^
        timeout_ms=timeout_ms,
        ^^^^^^^^^^^^^^^^^^^^^^
        max_snapshots=max_snapshots,
        ^^^^^^^^^^^^^^^^^^^^^^^^^^^^
    )
    ^
  File "/Users/ekku/Code/ducklake-cdc-extension/clients/python/src/ducklake_cdc/lowlevel.py", line 327, in cdc_dml_changes_listen
    ).list()
      ~~~~^^
  File "/Users/ekku/Code/ducklake-cdc-extension/clients/python/src/ducklake/result.py", line 43, in list
    cursor = self._execute()
  File "/Users/ekku/Code/ducklake-cdc-extension/clients/python/src/ducklake/result.py", line 123, in _execute
    raise DuckLakeQueryError("DuckLake query failed") from exc
ducklake.exceptions.DuckLakeQueryError: DuckLake query failed
consumer 'demo__ddl' failed
Traceback (most recent call last):
  File "/Users/ekku/Code/ducklake-cdc-extension/clients/python/src/ducklake/result.py", line 120, in _execute
    return self._connection.execute(self._query)
           ~~~~~~~~~~~~~~~~~~~~~~~~^^^^^^^^^^^^^
_duckdb.Error: IO Error: Unable to connect to Postgres at "postgresql://ducklake:ducklake@localhost:5435/ducklake": connection to server at "localhost" (127.0.0.1), port 5435 failed: server closed the connection unexpectedly
	This probably means the server terminated abnormally
	before or while processing the request.


The above exception was the direct cause of the following exception:

Traceback (most recent call last):
  File "/Users/ekku/Code/ducklake-cdc-extension/clients/python/src/ducklake_cdc/app.py", line 436, in _run_loop
    self._delivered = self.consumer.run(
                      ~~~~~~~~~~~~~~~~~^
        infinite=infinite,
        ^^^^^^^^^^^^^^^^^^
    ...<2 lines>...
        stop_event=self.stop_event,
        ^^^^^^^^^^^^^^^^^^^^^^^^^^^
    )
    ^
  File "/Users/ekku/Code/ducklake-cdc-extension/clients/python/src/ducklake_cdc/consumer.py", line 243, in run
    rows = self._retry(self._listen_op(timeout_ms, listen_max_snapshots))
  File "/Users/ekku/Code/ducklake-cdc-extension/clients/python/src/ducklake_cdc/consumer.py", line 420, in _retry
    return self._retry_policy(operation)  # type: ignore[return-value]
           ~~~~~~~~~~~~~~~~~~^^^^^^^^^^^
  File "/Users/ekku/Code/ducklake-cdc-extension/clients/python/demo/common.py", line 163, in retry_on_lock
    return operation()
  File "/Users/ekku/Code/ducklake-cdc-extension/clients/python/src/ducklake_cdc/consumer.py", line 641, in operation
    return client.cdc_ddl_changes_listen(
           ~~~~~~~~~~~~~~~~~~~~~~~~~~~~~^
        name,
        ^^^^^
        timeout_ms=timeout_ms,
        ^^^^^^^^^^^^^^^^^^^^^^
        max_snapshots=max_snapshots,
        ^^^^^^^^^^^^^^^^^^^^^^^^^^^^
    )
    ^
  File "/Users/ekku/Code/ducklake-cdc-extension/clients/python/src/ducklake_cdc/lowlevel.py", line 404, in cdc_ddl_changes_listen
    ).list()
      ~~~~^^
  File "/Users/ekku/Code/ducklake-cdc-extension/clients/python/src/ducklake/result.py", line 43, in list
    cursor = self._execute()
  File "/Users/ekku/Code/ducklake-cdc-extension/clients/python/src/ducklake/result.py", line 123, in _execute
    raise DuckLakeQueryError("DuckLake query failed") from exc
ducklake.exceptions.DuckLakeQueryError: DuckLake query failed
consumer 'demo__table_id_4__consumer_02' failed
Traceback (most recent call last):
  File "/Users/ekku/Code/ducklake-cdc-extension/clients/python/src/ducklake/result.py", line 120, in _execute
    return self._connection.execute(self._query)
           ~~~~~~~~~~~~~~~~~~~~~~~~^^^^^^^^^^^^^
_duckdb.Error: IO Error: Unable to connect to Postgres at "postgresql://ducklake:ducklake@localhost:5435/ducklake": connection to server at "localhost" (127.0.0.1), port 5435 failed: server closed the connection unexpectedly
	This probably means the server terminated abnormally
	before or while processing the request.


The above exception was the direct cause of the following exception:

Traceback (most recent call last):
  File "/Users/ekku/Code/ducklake-cdc-extension/clients/python/src/ducklake_cdc/app.py", line 436, in _run_loop
    self._delivered = self.consumer.run(
                      ~~~~~~~~~~~~~~~~~^
        infinite=infinite,
        ^^^^^^^^^^^^^^^^^^
    ...<2 lines>...
        stop_event=self.stop_event,
        ^^^^^^^^^^^^^^^^^^^^^^^^^^^
    )
    ^
  File "/Users/ekku/Code/ducklake-cdc-extension/clients/python/src/ducklake_cdc/consumer.py", line 243, in run
    rows = self._retry(self._listen_op(timeout_ms, listen_max_snapshots))
  File "/Users/ekku/Code/ducklake-cdc-extension/clients/python/src/ducklake_cdc/consumer.py", line 420, in _retry
    return self._retry_policy(operation)  # type: ignore[return-value]
           ~~~~~~~~~~~~~~~~~~^^^^^^^^^^^
  File "/Users/ekku/Code/ducklake-cdc-extension/clients/python/demo/common.py", line 163, in retry_on_lock
    return operation()
  File "/Users/ekku/Code/ducklake-cdc-extension/clients/python/demo/consumer.py", line 170, in timed_operation
    rows = operation()
  File "/Users/ekku/Code/ducklake-cdc-extension/clients/python/src/ducklake_cdc/consumer.py", line 539, in operation
    return client.cdc_dml_changes_listen(
           ~~~~~~~~~~~~~~~~~~~~~~~~~~~~~^
        name,
        ^^^^^
        timeout_ms=timeout_ms,
        ^^^^^^^^^^^^^^^^^^^^^^
        max_snapshots=max_snapshots,
        ^^^^^^^^^^^^^^^^^^^^^^^^^^^^
    )
    ^
  File "/Users/ekku/Code/ducklake-cdc-extension/clients/python/src/ducklake_cdc/lowlevel.py", line 327, in cdc_dml_changes_listen
    ).list()
      ~~~~^^
  File "/Users/ekku/Code/ducklake-cdc-extension/clients/python/src/ducklake/result.py", line 43, in list
    cursor = self._execute()
  File "/Users/ekku/Code/ducklake-cdc-extension/clients/python/src/ducklake/result.py", line 123, in _execute
    raise DuckLakeQueryError("DuckLake query failed") from exc
ducklake.exceptions.DuckLakeQueryError: DuckLake query failed

--- demo dashboard started 2026-05-04T14:39:46
CDC_WAIT_SHARED_CONNECTION: listen calls hold this DuckDB connection for up to 200ms. Calling it from a connection that also serves other queries (a pool handle, a shared notebook session, an HTTP request handler) can starve them. Hold a dedicated connection for listen calls. SQL-CLI users must do this themselves. See docs/api.md.
CDC_SCHEMA_BOUNDARY: DDL consumer 'demo__ddl' window [1, 4] includes schema-change snapshot 1 (schema_version 1). Apply DDL events from this window before applying DML from the same snapshot range per the DDL-before-DML ordering contract (ADR 0008).

--- demo dashboard started 2026-05-04T14:41:38
CDC_WAIT_SHARED_CONNECTION: listen calls hold this DuckDB connection for up to 200ms. Calling it from a connection that also serves other queries (a pool handle, a shared notebook session, an HTTP request handler) can starve them. Hold a dedicated connection for listen calls. SQL-CLI users must do this themselves. See docs/api.md.
CDC_SCHEMA_BOUNDARY: DDL consumer 'demo__ddl' window [1, 5] includes schema-change snapshot 1 (schema_version 1). Apply DDL events from this window before applying DML from the same snapshot range per the DDL-before-DML ordering contract (ADR 0008).
CDC_SCHEMA_BOUNDARY: DDL consumer 'demo__ddl' window [6, 10] includes schema-change snapshot 6 (schema_version 6). Apply DDL events from this window before applying DML from the same snapshot range per the DDL-before-DML ordering contract (ADR 0008).

--- demo dashboard started 2026-05-04T14:42:51
CDC_WAIT_SHARED_CONNECTION: listen calls hold this DuckDB connection for up to 200ms. Calling it from a connection that also serves other queries (a pool handle, a shared notebook session, an HTTP request handler) can starve them. Hold a dedicated connection for listen calls. SQL-CLI users must do this themselves. See docs/api.md.
CDC_SCHEMA_BOUNDARY: DDL consumer 'demo__ddl' window [1, 3] includes schema-change snapshot 1 (schema_version 1). Apply DDL events from this window before applying DML from the same snapshot range per the DDL-before-DML ordering contract (ADR 0008).
CDC_SCHEMA_BOUNDARY: DDL consumer 'demo__ddl' window [4, 9] includes schema-change snapshot 4 (schema_version 4). Apply DDL events from this window before applying DML from the same snapshot range per the DDL-before-DML ordering contract (ADR 0008).

--- demo dashboard started 2026-05-04T14:44:28
CDC_WAIT_SHARED_CONNECTION: listen calls hold this DuckDB connection for up to 200ms. Calling it from a connection that also serves other queries (a pool handle, a shared notebook session, an HTTP request handler) can starve them. Hold a dedicated connection for listen calls. SQL-CLI users must do this themselves. See docs/api.md.
CDC_SCHEMA_BOUNDARY: DDL consumer 'demo__ddl' window [1, 4] includes schema-change snapshot 1 (schema_version 1). Apply DDL events from this window before applying DML from the same snapshot range per the DDL-before-DML ordering contract (ADR 0008).
CDC_SCHEMA_BOUNDARY: DDL consumer 'demo__ddl' window [5, 9] includes schema-change snapshot 5 (schema_version 5). Apply DDL events from this window before applying DML from the same snapshot range per the DDL-before-DML ordering contract (ADR 0008).

--- demo dashboard started 2026-05-04T14:46:58
CDC_WAIT_SHARED_CONNECTION: listen calls hold this DuckDB connection for up to 200ms. Calling it from a connection that also serves other queries (a pool handle, a shared notebook session, an HTTP request handler) can starve them. Hold a dedicated connection for listen calls. SQL-CLI users must do this themselves. See docs/api.md.
CDC_SCHEMA_BOUNDARY: DDL consumer 'demo__ddl' window [1, 4] includes schema-change snapshot 1 (schema_version 1). Apply DDL events from this window before applying DML from the same snapshot range per the DDL-before-DML ordering contract (ADR 0008).
CDC_SCHEMA_BOUNDARY: DDL consumer 'demo__ddl' window [5, 6] includes schema-change snapshot 5 (schema_version 5). Apply DDL events from this window before applying DML from the same snapshot range per the DDL-before-DML ordering contract (ADR 0008).

--- demo dashboard started 2026-05-04T14:49:23
CDC_WAIT_SHARED_CONNECTION: listen calls hold this DuckDB connection for up to 200ms. Calling it from a connection that also serves other queries (a pool handle, a shared notebook session, an HTTP request handler) can starve them. Hold a dedicated connection for listen calls. SQL-CLI users must do this themselves. See docs/api.md.
CDC_SCHEMA_BOUNDARY: DDL consumer 'demo__ddl' window [1, 5] includes schema-change snapshot 1 (schema_version 1). Apply DDL events from this window before applying DML from the same snapshot range per the DDL-before-DML ordering contract (ADR 0008).

--- demo dashboard started 2026-05-04T14:50:27
CDC_WAIT_SHARED_CONNECTION: listen calls hold this DuckDB connection for up to 200ms. Calling it from a connection that also serves other queries (a pool handle, a shared notebook session, an HTTP request handler) can starve them. Hold a dedicated connection for listen calls. SQL-CLI users must do this themselves. See docs/api.md.
CDC_SCHEMA_BOUNDARY: DDL consumer 'demo__ddl' window [1, 4] includes schema-change snapshot 1 (schema_version 1). Apply DDL events from this window before applying DML from the same snapshot range per the DDL-before-DML ordering contract (ADR 0008).
CDC_SCHEMA_BOUNDARY: DDL consumer 'demo__ddl' window [5, 5] includes schema-change snapshot 5 (schema_version 5). Apply DDL events from this window before applying DML from the same snapshot range per the DDL-before-DML ordering contract (ADR 0008).

--- demo dashboard started 2026-05-04T14:51:31
CDC_WAIT_SHARED_CONNECTION: listen calls hold this DuckDB connection for up to 200ms. Calling it from a connection that also serves other queries (a pool handle, a shared notebook session, an HTTP request handler) can starve them. Hold a dedicated connection for listen calls. SQL-CLI users must do this themselves. See docs/api.md.
CDC_SCHEMA_BOUNDARY: DDL consumer 'demo__ddl' window [1, 2] includes schema-change snapshot 1 (schema_version 1). Apply DDL events from this window before applying DML from the same snapshot range per the DDL-before-DML ordering contract (ADR 0008).
CDC_SCHEMA_BOUNDARY: DDL consumer 'demo__ddl' window [3, 5] includes schema-change snapshot 3 (schema_version 3). Apply DDL events from this window before applying DML from the same snapshot range per the DDL-before-DML ordering contract (ADR 0008).

--- demo dashboard started 2026-05-04T14:52:35
CDC_WAIT_SHARED_CONNECTION: listen calls hold this DuckDB connection for up to 200ms. Calling it from a connection that also serves other queries (a pool handle, a shared notebook session, an HTTP request handler) can starve them. Hold a dedicated connection for listen calls. SQL-CLI users must do this themselves. See docs/api.md.
CDC_SCHEMA_BOUNDARY: DDL consumer 'demo__ddl' window [1, 4] includes schema-change snapshot 1 (schema_version 1). Apply DDL events from this window before applying DML from the same snapshot range per the DDL-before-DML ordering contract (ADR 0008).
CDC_SCHEMA_BOUNDARY: DDL consumer 'demo__ddl' window [5, 5] includes schema-change snapshot 5 (schema_version 5). Apply DDL events from this window before applying DML from the same snapshot range per the DDL-before-DML ordering contract (ADR 0008).

--- demo dashboard started 2026-05-04T14:53:27
CDC_WAIT_SHARED_CONNECTION: listen calls hold this DuckDB connection for up to 200ms. Calling it from a connection that also serves other queries (a pool handle, a shared notebook session, an HTTP request handler) can starve them. Hold a dedicated connection for listen calls. SQL-CLI users must do this themselves. See docs/api.md.
CDC_SCHEMA_BOUNDARY: DDL consumer 'demo__ddl' window [1, 5] includes schema-change snapshot 1 (schema_version 1). Apply DDL events from this window before applying DML from the same snapshot range per the DDL-before-DML ordering contract (ADR 0008).

--- demo dashboard started 2026-05-04T14:56:06
CDC_WAIT_SHARED_CONNECTION: listen calls hold this DuckDB connection for up to 200ms. Calling it from a connection that also serves other queries (a pool handle, a shared notebook session, an HTTP request handler) can starve them. Hold a dedicated connection for listen calls. SQL-CLI users must do this themselves. See docs/api.md.
CDC_SCHEMA_BOUNDARY: DDL consumer 'demo__ddl' window [1, 3] includes schema-change snapshot 1 (schema_version 1). Apply DDL events from this window before applying DML from the same snapshot range per the DDL-before-DML ordering contract (ADR 0008).
CDC_SCHEMA_BOUNDARY: DDL consumer 'demo__ddl' window [4, 5] includes schema-change snapshot 4 (schema_version 4). Apply DDL events from this window before applying DML from the same snapshot range per the DDL-before-DML ordering contract (ADR 0008).

--- demo dashboard started 2026-05-04T14:57:17
CDC_WAIT_SHARED_CONNECTION: listen calls hold this DuckDB connection for up to 200ms. Calling it from a connection that also serves other queries (a pool handle, a shared notebook session, an HTTP request handler) can starve them. Hold a dedicated connection for listen calls. SQL-CLI users must do this themselves. See docs/api.md.
CDC_SCHEMA_BOUNDARY: DDL consumer 'demo__ddl' window [1, 4] includes schema-change snapshot 1 (schema_version 1). Apply DDL events from this window before applying DML from the same snapshot range per the DDL-before-DML ordering contract (ADR 0008).
CDC_SCHEMA_BOUNDARY: DDL consumer 'demo__ddl' window [5, 5] includes schema-change snapshot 5 (schema_version 5). Apply DDL events from this window before applying DML from the same snapshot range per the DDL-before-DML ordering contract (ADR 0008).
